app/build/intermediates/manifest_merge_blame_file/debug/processDebugMainManifest/manifest-merger-blame-debug-report.txt
1<?xml version="1.0" encoding="utf-8"?>
2<manifest xmlns:android="http://schemas.android.com/apk/res/android"
3    package="com.robomanipal.imusensor"
4    android:versionCode="1"
5    android:versionName="1.0.0" >
6
7    <uses-sdk
8        android:minSdkVersion="26"
9        android:targetSdkVersion="35" />
10
11    <!-- Network permissions for UDP streaming -->
12    <uses-permission android:name="android.permission.INTERNET" />
12-->src\main\AndroidManifest.xml:5:5-67
12-->src\main\AndroidManifest.xml:5:22-64
13    <uses-permission android:name="android.permission.ACCESS_WIFI_STATE" />
13-->src\main\AndroidManifest.xml:6:5-76
13-->src\main\AndroidManifest.xml:6:22-73
14    <uses-permission android:name="android.permission.ACCESS_NETWORK_STATE" />
14-->src\main\AndroidManifest.xml:7:5-79
14-->src\main\AndroidManifest.xml:7:22-76
15    <uses-permission android:name="android.permission.CHANGE_NETWORK_STATE" />
15-->src\main\AndroidManifest.xml:8:5-79
15-->src\main\AndroidManifest.xml:8:22-76
16
17    <!-- Foreground service — keeps streaming alive when screen is off -->
18    <uses-permission android:name="android.permission.FOREGROUND_SERVICE" />
18-->src\main\AndroidManifest.xml:11:5-77
18-->src\main\AndroidManifest.xml:11:22-74
19    <uses-permission android:name="android.permission.FOREGROUND_SERVICE_CONNECTED_DEVICE" />
19-->src\main\AndroidManifest.xml:12:5-94
19-->src\main\AndroidManifest.xml:12:22-91
20    <uses-permission android:name="android.permission.POST_NOTIFICATIONS" />
20-->src\main\AndroidManifest.xml:13:5-77
20-->src\main\AndroidManifest.xml:13:22-74
21
22    <!-- Sensor features (not required — graceful fallback if missing) -->
23    <uses-feature
23-->src\main\AndroidManifest.xml:16:5-99
24        android:name="android.hardware.sensor.accelerometer"
24-->src\main\AndroidManifest.xml:16:19-71
25        android:required="false" />
25-->src\main\AndroidManifest.xml:16:72-96
26    <uses-feature
26-->src\main\AndroidManifest.xml:17:5-95
27        android:name="android.hardware.sensor.gyroscope"
27-->src\main\AndroidManifest.xml:17:19-67
28        android:required="false" />
28-->src\main\AndroidManifest.xml:17:68-92
29    <uses-feature
29-->src\main\AndroidManifest.xml:18:5-93
30        android:name="android.hardware.sensor.compass"
30-->src\main\AndroidManifest.xml:18:19-65
31        android:required="false" />
31-->src\main\AndroidManifest.xml:18:66-90
32
33    <permission
33-->[androidx.core:core:1.15.0] AndroidManifest.xml:22:5-24:47
34        android:name="com.robomanipal.imusensor.DYNAMIC_RECEIVER_NOT_EXPORTED_PERMISSION"
34-->[androidx.core:core:1.15.0] AndroidManifest.xml:23:9-81
35        android:protectionLevel="signature" />
35-->[androidx.core:core:1.15.0] AndroidManifest.xml:24:9-44
36
37    <uses-permission android:name="com.robomanipal.imusensor.DYNAMIC_RECEIVER_NOT_EXPORTED_PERMISSION" />
37-->[androidx.core:core:1.15.0] AndroidManifest.xml:26:5-97
37-->[androidx.core:core:1.15.0] AndroidManifest.xml:26:22-94
38
39    <application
39-->src\main\AndroidManifest.xml:20:5-42:19
40        android:name="com.robomanipal.imusensor.IMUApplication"
40-->src\main\AndroidManifest.xml:21:9-39
41        android:allowBackup="true"
41-->src\main\AndroidManifest.xml:22:9-35
42        android:appComponentFactory="androidx.core.app.CoreComponentFactory"
42-->[androidx.core:core:1.15.0] AndroidManifest.xml:28:18-86
43        android:debuggable="true"
44        android:extractNativeLibs="false"
45        android:label="@string/app_name"
45-->src\main\AndroidManifest.xml:23:9-41
46        android:supportsRtl="true"
46-->src\main\AndroidManifest.xml:24:9-35
47        android:testOnly="true"
48        android:theme="@style/Theme.IMUSensor" >
48-->src\main\AndroidManifest.xml:25:9-47
49        <activity
49-->src\main\AndroidManifest.xml:26:9-36:20
50            android:name="com.robomanipal.imusensor.MainActivity"
50-->src\main\AndroidManifest.xml:27:13-41
51            android:configChanges="orientation|screenSize|screenLayout|keyboardHidden"
51-->src\main\AndroidManifest.xml:30:13-87
52            android:exported="true"
52-->src\main\AndroidManifest.xml:28:13-36
53            android:screenOrientation="portrait"
53-->src\main\AndroidManifest.xml:31:13-49
54            android:theme="@style/Theme.IMUSensor" >
54-->src\main\AndroidManifest.xml:29:13-51
55            <intent-filter>
55-->src\main\AndroidManifest.xml:32:13-35:29
56                <action android:name="android.intent.action.MAIN" />
56-->src\main\AndroidManifest.xml:33:17-69
56-->src\main\AndroidManifest.xml:33:25-66
57
58                <category android:name="android.intent.category.LAUNCHER" />
58-->src\main\AndroidManifest.xml:34:17-77
58-->src\main\AndroidManifest.xml:34:27-74
59            </intent-filter>
60        </activity>
61
62        <service
62-->src\main\AndroidManifest.xml:38:9-41:63
63            android:name="com.robomanipal.imusensor.streaming.StreamingService"
63-->src\main\AndroidManifest.xml:39:13-55
64            android:exported="false"
64-->src\main\AndroidManifest.xml:40:13-37
65            android:foregroundServiceType="connectedDevice" />
65-->src\main\AndroidManifest.xml:41:13-60
66
67        <activity
67-->[androidx.compose.ui:ui-test-manifest:1.7.6] AndroidManifest.xml:23:9-25:39
68            android:name="androidx.activity.ComponentActivity"
68-->[androidx.compose.ui:ui-test-manifest:1.7.6] AndroidManifest.xml:24:13-63
69            android:exported="true" />
69-->[androidx.compose.ui:ui-test-manifest:1.7.6] AndroidManifest.xml:25:13-36
70        <activity
70-->[androidx.compose.ui:ui-tooling-android:1.7.6] AndroidManifest.xml:23:9-25:39
71            android:name="androidx.compose.ui.tooling.PreviewActivity"
71-->[androidx.compose.ui:ui-tooling-android:1.7.6] AndroidManifest.xml:24:13-71
72            android:exported="true" />
72-->[androidx.compose.ui:ui-tooling-android:1.7.6] AndroidManifest.xml:25:13-36
73
74        <provider
74-->[androidx.emoji2:emoji2:1.3.0] AndroidManifest.xml:24:9-32:20
75            android:name="androidx.startup.InitializationProvider"
75-->[androidx.emoji2:emoji2:1.3.0] AndroidManifest.xml:25:13-67
76            android:authorities="com.robomanipal.imusensor.androidx-startup"
76-->[androidx.emoji2:emoji2:1.3.0] AndroidManifest.xml:26:13-68
77            android:exported="false" >
77-->[androidx.emoji2:emoji2:1.3.0] AndroidManifest.xml:27:13-37
78            <meta-data
78-->[androidx.emoji2:emoji2:1.3.0] AndroidManifest.xml:29:13-31:52
79                android:name="androidx.emoji2.text.EmojiCompatInitializer"
79-->[androidx.emoji2:emoji2:1.3.0] AndroidManifest.xml:30:17-75
80                android:value="androidx.startup" />
80-->[androidx.emoji2:emoji2:1.3.0] AndroidManifest.xml:31:17-49
81            <meta-data
81-->[androidx.lifecycle:lifecycle-process:2.8.7] AndroidManifest.xml:29:13-31:52
82                android:name="androidx.lifecycle.ProcessLifecycleInitializer"
82-->[androidx.lifecycle:lifecycle-process:2.8.7] AndroidManifest.xml:30:17-78
83                android:value="androidx.startup" />
83-->[androidx.lifecycle:lifecycle-process:2.8.7] AndroidManifest.xml:31:17-49
84            <meta-data
84-->[androidx.profileinstaller:profileinstaller:1.3.1] AndroidManifest.xml:29:13-31:52
85                android:name="androidx.profileinstaller.ProfileInstallerInitializer"
85-->[androidx.profileinstaller:profileinstaller:1.3.1] AndroidManifest.xml:30:17-85
86                android:value="androidx.startup" />
86-->[androidx.profileinstaller:profileinstaller:1.3.1] AndroidManifest.xml:31:17-49
87        </provider>
88
89        <receiver
89-->[androidx.profileinstaller:profileinstaller:1.3.1] AndroidManifest.xml:34:9-52:20
90            android:name="androidx.profileinstaller.ProfileInstallReceiver"
90-->[androidx.profileinstaller:profileinstaller:1.3.1] AndroidManifest.xml:35:13-76
91            android:directBootAware="false"
91-->[androidx.profileinstaller:profileinstaller:1.3.1] AndroidManifest.xml:36:13-44
92            android:enabled="true"
92-->[androidx.profileinstaller:profileinstaller:1.3.1] AndroidManifest.xml:37:13-35
93            android:exported="true"
93-->[androidx.profileinstaller:profileinstaller:1.3.1] AndroidManifest.xml:38:13-36
94            android:permission="android.permission.DUMP" >
94-->[androidx.profileinstaller:profileinstaller:1.3.1] AndroidManifest.xml:39:13-57
95            <intent-filter>
95-->[androidx.profileinstaller:profileinstaller:1.3.1] AndroidManifest.xml:40:13-42:29
96                <action android:name="androidx.profileinstaller.action.INSTALL_PROFILE" />
96-->[androidx.profileinstaller:profileinstaller:1.3.1] AndroidManifest.xml:41:17-91
96-->[androidx.profileinstaller:profileinstaller:1.3.1] AndroidManifest.xml:41:25-88
97            </intent-filter>
98            <intent-filter>
98-->[androidx.profileinstaller:profileinstaller:1.3.1] AndroidManifest.xml:43:13-45:29
99                <action android:name="androidx.profileinstaller.action.SKIP_FILE" />
99-->[androidx.profileinstaller:profileinstaller:1.3.1] AndroidManifest.xml:44:17-85
99-->[androidx.profileinstaller:profileinstaller:1.3.1] AndroidManifest.xml:44:25-82
100            </intent-filter>
101            <intent-filter>
101-->[androidx.profileinstaller:profileinstaller:1.3.1] AndroidManifest.xml:46:13-48:29
102                <action android:name="androidx.profileinstaller.action.SAVE_PROFILE" />
102-->[androidx.profileinstaller:profileinstaller:1.3.1] AndroidManifest.xml:47:17-88
102-->[androidx.profileinstaller:profileinstaller:1.3.1] AndroidManifest.xml:47:25-85
103            </intent-filter>
104            <intent-filter>
104-->[androidx.profileinstaller:profileinstaller:1.3.1] AndroidManifest.xml:49:13-51:29
105                <action android:name="androidx.profileinstaller.action.BENCHMARK_OPERATION" />
105-->[androidx.profileinstaller:profileinstaller:1.3.1] AndroidManifest.xml:50:17-95
105-->[androidx.profileinstaller:profileinstaller:1.3.1] AndroidManifest.xml:50:25-92
106            </intent-filter>
107        </receiver>
108    </application>
109
110</manifest>